# JRE version: OpenJDK Runtime Environment (17.0.6) (build 17.0.6+0-b2043.56-9586694)
# Java VM: OpenJDK 64-Bit Server VM (17.0.6+0-b2043.56-9586694, mixed mode, tiered, compressed oops, compressed class ptrs, g1 gc, windows-amd64)
GC Precious Log:
 CPUs: 4 total, 4 available
 Memory: 8006M
 Large Page Support: Disabled
 NUMA Support: Disabled
 Compressed Oops: Enabled (32-bit)
 Heap Region Size: 1M
 Heap Min Capacity: 8M
 Heap Initial Capacity: 126M
 Heap Max Capacity: 2G
 Pre-touch: Disabled
 Parallel Workers: 4
 Concurrent Workers: 1
 Concurrent Refinement Workers: 4
 Periodic GC: Disabled
Heap:
 garbage-first heap   total 347136K, used 202687K [0x0000000080000000, 0x0000000100000000)
  region size 1024K, 2 young (2048K), 2 survivors (2048K)
 Metaspace       used 149351K, committed 152128K, reserved 1187840K
  class space    used 19225K, committed 20416K, reserved 1048576K
GC Heap History (20 events):
Event: 3946.423 GC heap after
{Heap after GC invocations=116 (full 0):
 garbage-first heap   total 486400K, used 182424K [0x0000000080000000, 0x0000000100000000)
  region size 1024K, 11 young (11264K), 11 survivors (11264K)
 Metaspace       used 149966K, committed 152128K, reserved 1187840K
  class space    used 19448K, committed 20544K, reserved 1048576K
}
Event: 5419.400 GC heap before
{Heap before GC invocations=116 (full 0):
 garbage-first heap   total 486400K, used 218264K [0x0000000080000000, 0x0000000100000000)
  region size 1024K, 44 young (45056K), 11 survivors (11264K)
 Metaspace       used 149976K, committed 152128K, reserved 1187840K
  class space    used 19448K, committed 20544K, reserved 1048576K
}
Event: 5422.284 GC heap after
{Heap after GC invocations=117 (full 1):
 garbage-first heap   total 301056K, used 87487K [0x0000000080000000, 0x0000000100000000)
  region size 1024K, 0 young (0K), 0 survivors (0K)
 Metaspace       used 149882K, committed 152128K, reserved 1187840K
  class space    used 19427K, committed 20544K, reserved 1048576K
}
Event: 9022.323 GC heap before
{Heap before GC invocations=117 (full 1):
 garbage-first heap   total 301056K, used 154047K [0x0000000080000000, 0x0000000100000000)
  region size 1024K, 67 young (68608K), 0 survivors (0K)
 Metaspace       used 149909K, committed 152128K, reserved 1187840K
  class space    used 19432K, committed 20544K, reserved 1048576K
}
Event: 9023.698 GC heap after
{Heap after GC invocations=118 (full 2):
 garbage-first heap   total 301056K, used 87497K [0x0000000080000000, 0x0000000100000000)
  region size 1024K, 0 young (0K), 0 survivors (0K)
 Metaspace       used 149909K, committed 152128K, reserved 1187840K
  class space    used 19432K, committed 20544K, reserved 1048576K
}
Event: 12139.151 GC heap before
{Heap before GC invocations=118 (full 2):
 garbage-first heap   total 301056K, used 243145K [0x0000000080000000, 0x0000000100000000)
  region size 1024K, 153 young (156672K), 0 survivors (0K)
 Metaspace       used 150395K, committed 152512K, reserved 1187840K
  class space    used 19495K, committed 20544K, reserved 1048576K
}
Event: 12139.225 GC heap after
{Heap after GC invocations=119 (full 2):
 garbage-first heap   total 301056K, used 100252K [0x0000000080000000, 0x0000000100000000)
  region size 1024K, 13 young (13312K), 13 survivors (13312K)
 Metaspace       used 150395K, committed 152512K, reserved 1187840K
  class space    used 19495K, committed 20544K, reserved 1048576K
}
Event: 12146.235 GC heap before
{Heap before GC invocations=120 (full 2):
 garbage-first heap   total 301056K, used 264092K [0x0000000080000000, 0x0000000100000000)
  region size 1024K, 148 young (151552K), 13 survivors (13312K)
 Metaspace       used 149048K, committed 152128K, reserved 1187840K
  class space    used 19217K, committed 20416K, reserved 1048576K
}
Event: 12146.424 GC heap after
{Heap after GC invocations=121 (full 2):
 garbage-first heap   total 301056K, used 109221K [0x0000000080000000, 0x0000000100000000)
  region size 1024K, 13 young (13312K), 13 survivors (13312K)
 Metaspace       used 149048K, committed 152128K, reserved 1187840K
  class space    used 19217K, committed 20416K, reserved 1048576K
}
Event: 12146.429 GC heap before
{Heap before GC invocations=121 (full 2):
 garbage-first heap   total 301056K, used 110245K [0x0000000080000000, 0x0000000100000000)
  region size 1024K, 14 young (14336K), 13 survivors (13312K)
 Metaspace       used 149048K, committed 152128K, reserved 1187840K
  class space    used 19217K, committed 20416K, reserved 1048576K
}
Event: 12146.447 GC heap after
{Heap after GC invocations=122 (full 2):
 garbage-first heap   total 301056K, used 110040K [0x0000000080000000, 0x0000000100000000)
  region size 1024K, 2 young (2048K), 2 survivors (2048K)
 Metaspace       used 149048K, committed 152128K, reserved 1187840K
  class space    used 19217K, committed 20416K, reserved 1048576K
}
Event: 12148.891 GC heap before
{Heap before GC invocations=122 (full 2):
 garbage-first heap   total 301056K, used 276952K [0x0000000080000000, 0x0000000100000000)
  region size 1024K, 127 young (130048K), 2 survivors (2048K)
 Metaspace       used 149366K, committed 152128K, reserved 1187840K
  class space    used 19247K, committed 20416K, reserved 1048576K
}
Event: 12148.930 GC heap after
{Heap after GC invocations=123 (full 2):
 garbage-first heap   total 301056K, used 152747K [0x0000000080000000, 0x0000000100000000)
  region size 1024K, 16 young (16384K), 16 survivors (16384K)
 Metaspace       used 149366K, committed 152128K, reserved 1187840K
  class space    used 19247K, committed 20416K, reserved 1048576K
}
Event: 12149.365 GC heap before
{Heap before GC invocations=123 (full 2):
 garbage-first heap   total 301056K, used 232619K [0x0000000080000000, 0x0000000100000000)
  region size 1024K, 92 young (94208K), 16 survivors (16384K)
 Metaspace       used 149372K, committed 152128K, reserved 1187840K
  class space    used 19247K, committed 20416K, reserved 1048576K
}
Event: 12149.444 GC heap after
{Heap after GC invocations=124 (full 2):
 garbage-first heap   total 301056K, used 191500K [0x0000000080000000, 0x0000000100000000)
  region size 1024K, 12 young (12288K), 12 survivors (12288K)
 Metaspace       used 149372K, committed 152128K, reserved 1187840K
  class space    used 19247K, committed 20416K, reserved 1048576K
}
Event: 12149.869 GC heap before
{Heap before GC invocations=124 (full 2):
 garbage-first heap   total 301056K, used 231436K [0x0000000080000000, 0x0000000100000000)
  region size 1024K, 52 young (53248K), 12 survivors (12288K)
 Metaspace       used 149438K, committed 152128K, reserved 1187840K
  class space    used 19247K, committed 20416K, reserved 1048576K
}
Event: 12149.943 GC heap after
{Heap after GC invocations=125 (full 2):
 garbage-first heap   total 301056K, used 206511K [0x0000000080000000, 0x0000000100000000)
  region size 1024K, 7 young (7168K), 7 survivors (7168K)
 Metaspace       used 149438K, committed 152128K, reserved 1187840K
  class space    used 19247K, committed 20416K, reserved 1048576K
}
Event: 12150.863 GC heap before
{Heap before GC invocations=126 (full 2):
 garbage-first heap   total 347136K, used 229039K [0x0000000080000000, 0x0000000100000000)
  region size 1024K, 39 young (39936K), 7 survivors (7168K)
 Metaspace       used 149348K, committed 152128K, reserved 1187840K
  class space    used 19225K, committed 20416K, reserved 1048576K
}
Event: 12150.899 GC heap after
{Heap after GC invocations=127 (full 2):
 garbage-first heap   total 347136K, used 202863K [0x0000000080000000, 0x0000000100000000)
  region size 1024K, 5 young (5120K), 5 survivors (5120K)
 Metaspace       used 149348K, committed 152128K, reserved 1187840K
  class space    used 19225K, committed 20416K, reserved 1048576K
}
Event: 12151.026 GC heap before
{Heap before GC invocations=127 (full 2):
 garbage-first heap   total 347136K, used 213103K [0x0000000080000000, 0x0000000100000000)
  region size 1024K, 16 young (16384K), 5 survivors (5120K)
 Metaspace       used 149351K, committed 152128K, reserved 1187840K
  class space    used 19225K, committed 20416K, reserved 1048576K
}

